{"C:\\Users\\Fernando\\Documents\\RocketSeat\\GoStack\\GoBarber\\appgobarber\\src\\components\\Button\\index.tsx": {"path":"C:\\Users\\Fernando\\Documents\\RocketSeat\\GoStack\\GoBarber\\appgobarber\\src\\components\\Button\\index.tsx","statementMap":{"0":{"start":{"line":12,"column":38},"end":{"line":16,"column":1}},"1":{"start":{"line":13,"column":2},"end":{"line":15,"column":14}}},"fnMap":{"0":{"name":"(anonymous_0)","decl":{"start":{"line":12,"column":38},"end":{"line":12,"column":39}},"loc":{"start":{"line":13,"column":2},"end":{"line":15,"column":14}},"line":13}},"branchMap":{},"s":{"0":1,"1":1},"f":{"0":1},"b":{},"_coverageSchema":"1a1c01bbd47fc00a2c39e90264f33305004495a9","hash":"11b5fc587f20de72aa081c3e741d320aa070a8a4"}
,"C:\\Users\\Fernando\\Documents\\RocketSeat\\GoStack\\GoBarber\\appgobarber\\src\\components\\Input\\index.tsx": {"path":"C:\\Users\\Fernando\\Documents\\RocketSeat\\GoStack\\GoBarber\\appgobarber\\src\\components\\Input\\index.tsx","statementMap":{"0":{"start":{"line":25,"column":67},"end":{"line":83,"column":1}},"1":{"start":{"line":28,"column":26},"end":{"line":28,"column":43}},"2":{"start":{"line":31,"column":6},"end":{"line":31,"column":20}},"3":{"start":{"line":32,"column":24},"end":{"line":32,"column":76}},"4":{"start":{"line":34,"column":36},"end":{"line":34,"column":51}},"5":{"start":{"line":35,"column":34},"end":{"line":35,"column":49}},"6":{"start":{"line":37,"column":27},"end":{"line":39,"column":8}},"7":{"start":{"line":38,"column":4},"end":{"line":38,"column":23}},"8":{"start":{"line":41,"column":26},"end":{"line":45,"column":8}},"9":{"start":{"line":42,"column":4},"end":{"line":42,"column":24}},"10":{"start":{"line":44,"column":4},"end":{"line":44,"column":47}},"11":{"start":{"line":47,"column":2},"end":{"line":51,"column":6}},"12":{"start":{"line":47,"column":34},"end":{"line":51,"column":3}},"13":{"start":{"line":49,"column":6},"end":{"line":49,"column":38}},"14":{"start":{"line":53,"column":2},"end":{"line":67,"column":33}},"15":{"start":{"line":54,"column":4},"end":{"line":66,"column":7}},"16":{"start":{"line":59,"column":8},"end":{"line":59,"column":44}},"17":{"start":{"line":60,"column":8},"end":{"line":60,"column":64}},"18":{"start":{"line":63,"column":8},"end":{"line":63,"column":41}},"19":{"start":{"line":64,"column":8},"end":{"line":64,"column":40}},"20":{"start":{"line":68,"column":2},"end":{"line":82,"column":4}},"21":{"start":{"line":78,"column":35},"end":{"line":78,"column":71}}},"fnMap":{"0":{"name":"(anonymous_0)","decl":{"start":{"line":25,"column":67},"end":{"line":25,"column":68}},"loc":{"start":{"line":27,"column":11},"end":{"line":83,"column":1}},"line":27},"1":{"name":"(anonymous_1)","decl":{"start":{"line":37,"column":39},"end":{"line":37,"column":40}},"loc":{"start":{"line":37,"column":45},"end":{"line":39,"column":3}},"line":37},"2":{"name":"(anonymous_2)","decl":{"start":{"line":41,"column":38},"end":{"line":41,"column":39}},"loc":{"start":{"line":41,"column":44},"end":{"line":45,"column":3}},"line":41},"3":{"name":"(anonymous_3)","decl":{"start":{"line":47,"column":27},"end":{"line":47,"column":28}},"loc":{"start":{"line":47,"column":34},"end":{"line":51,"column":3}},"line":47},"4":{"name":"(anonymous_4)","decl":{"start":{"line":48,"column":4},"end":{"line":48,"column":5}},"loc":{"start":{"line":48,"column":12},"end":{"line":50,"column":5}},"line":48},"5":{"name":"(anonymous_5)","decl":{"start":{"line":53,"column":12},"end":{"line":53,"column":13}},"loc":{"start":{"line":53,"column":18},"end":{"line":67,"column":3}},"line":53},"6":{"name":"(anonymous_6)","decl":{"start":{"line":58,"column":6},"end":{"line":58,"column":7}},"loc":{"start":{"line":58,"column":31},"end":{"line":61,"column":7}},"line":58},"7":{"name":"(anonymous_7)","decl":{"start":{"line":62,"column":6},"end":{"line":62,"column":7}},"loc":{"start":{"line":62,"column":19},"end":{"line":65,"column":7}},"line":62},"8":{"name":"(anonymous_8)","decl":{"start":{"line":78,"column":22},"end":{"line":78,"column":23}},"loc":{"start":{"line":78,"column":33},"end":{"line":78,"column":73}},"line":78}},"branchMap":{"0":{"loc":{"start":{"line":26,"column":14},"end":{"line":26,"column":33}},"type":"default-arg","locations":[{"start":{"line":26,"column":31},"end":{"line":26,"column":33}}],"line":26},"1":{"loc":{"start":{"line":30,"column":19},"end":{"line":30,"column":36}},"type":"default-arg","locations":[{"start":{"line":30,"column":34},"end":{"line":30,"column":36}}],"line":30},"2":{"loc":{"start":{"line":70,"column":41},"end":{"line":70,"column":86}},"type":"cond-expr","locations":[{"start":{"line":70,"column":65},"end":{"line":70,"column":74}},{"start":{"line":70,"column":77},"end":{"line":70,"column":86}}],"line":70},"3":{"loc":{"start":{"line":70,"column":41},"end":{"line":70,"column":62}},"type":"binary-expr","locations":[{"start":{"line":70,"column":41},"end":{"line":70,"column":50}},{"start":{"line":70,"column":54},"end":{"line":70,"column":62}}],"line":70}},"s":{"0":1,"1":2,"2":2,"3":2,"4":2,"5":2,"6":2,"7":0,"8":2,"9":0,"10":0,"11":2,"12":1,"13":0,"14":2,"15":2,"16":0,"17":0,"18":0,"19":0,"20":2,"21":0},"f":{"0":2,"1":0,"2":0,"3":1,"4":0,"5":2,"6":0,"7":0,"8":0},"b":{"0":[2],"1":[2],"2":[0,2],"3":[2,2]},"_coverageSchema":"1a1c01bbd47fc00a2c39e90264f33305004495a9","hash":"6bc80cdddf31917fe2880d1c490a2ac2b32f25c0"}
,"C:\\Users\\Fernando\\Documents\\RocketSeat\\GoStack\\GoBarber\\appgobarber\\src\\hooks\\auth.tsx": {"path":"C:\\Users\\Fernando\\Documents\\RocketSeat\\GoStack\\GoBarber\\appgobarber\\src\\hooks\\auth.tsx","statementMap":{"0":{"start":{"line":34,"column":20},"end":{"line":34,"column":73}},"1":{"start":{"line":36,"column":31},"end":{"line":100,"column":1}},"2":{"start":{"line":37,"column":26},"end":{"line":37,"column":62}},"3":{"start":{"line":38,"column":32},"end":{"line":38,"column":46}},"4":{"start":{"line":40,"column":2},"end":{"line":55,"column":9}},"5":{"start":{"line":42,"column":28},"end":{"line":45,"column":8}},"6":{"start":{"line":46,"column":6},"end":{"line":50,"column":7}},"7":{"start":{"line":47,"column":8},"end":{"line":47,"column":66}},"8":{"start":{"line":49,"column":8},"end":{"line":49,"column":64}},"9":{"start":{"line":52,"column":6},"end":{"line":52,"column":24}},"10":{"start":{"line":54,"column":4},"end":{"line":54,"column":22}},"11":{"start":{"line":57,"column":17},"end":{"line":73,"column":8}},"12":{"start":{"line":58,"column":21},"end":{"line":61,"column":6}},"13":{"start":{"line":63,"column":28},"end":{"line":63,"column":41}},"14":{"start":{"line":65,"column":4},"end":{"line":68,"column":7}},"15":{"start":{"line":70,"column":4},"end":{"line":70,"column":59}},"16":{"start":{"line":72,"column":4},"end":{"line":72,"column":29}},"17":{"start":{"line":75,"column":18},"end":{"line":82,"column":8}},"18":{"start":{"line":76,"column":4},"end":{"line":79,"column":7}},"19":{"start":{"line":81,"column":4},"end":{"line":81,"column":29}},"20":{"start":{"line":84,"column":21},"end":{"line":90,"column":27}},"21":{"start":{"line":85,"column":4},"end":{"line":85,"column":71}},"22":{"start":{"line":86,"column":4},"end":{"line":89,"column":7}},"23":{"start":{"line":92,"column":2},"end":{"line":99,"column":4}},"24":{"start":{"line":103,"column":18},"end":{"line":103,"column":41}},"25":{"start":{"line":105,"column":2},"end":{"line":107,"column":3}},"26":{"start":{"line":106,"column":4},"end":{"line":106,"column":66}},"27":{"start":{"line":108,"column":2},"end":{"line":108,"column":17}}},"fnMap":{"0":{"name":"(anonymous_0)","decl":{"start":{"line":36,"column":31},"end":{"line":36,"column":32}},"loc":{"start":{"line":36,"column":49},"end":{"line":100,"column":1}},"line":36},"1":{"name":"(anonymous_1)","decl":{"start":{"line":40,"column":12},"end":{"line":40,"column":13}},"loc":{"start":{"line":40,"column":18},"end":{"line":55,"column":3}},"line":40},"2":{"name":"loadStorageData","decl":{"start":{"line":41,"column":19},"end":{"line":41,"column":34}},"loc":{"start":{"line":41,"column":52},"end":{"line":53,"column":5}},"line":41},"3":{"name":"(anonymous_3)","decl":{"start":{"line":57,"column":29},"end":{"line":57,"column":30}},"loc":{"start":{"line":57,"column":60},"end":{"line":73,"column":3}},"line":57},"4":{"name":"(anonymous_4)","decl":{"start":{"line":75,"column":30},"end":{"line":75,"column":31}},"loc":{"start":{"line":75,"column":42},"end":{"line":82,"column":3}},"line":75},"5":{"name":"(anonymous_5)","decl":{"start":{"line":84,"column":33},"end":{"line":84,"column":34}},"loc":{"start":{"line":84,"column":55},"end":{"line":90,"column":3}},"line":84},"6":{"name":"useAuth","decl":{"start":{"line":102,"column":9},"end":{"line":102,"column":16}},"loc":{"start":{"line":102,"column":36},"end":{"line":109,"column":1}},"line":102}},"branchMap":{"0":{"loc":{"start":{"line":46,"column":6},"end":{"line":50,"column":7}},"type":"if","locations":[{"start":{"line":46,"column":6},"end":{"line":50,"column":7}},{"start":{"line":46,"column":6},"end":{"line":50,"column":7}}],"line":46},"1":{"loc":{"start":{"line":46,"column":10},"end":{"line":46,"column":29}},"type":"binary-expr","locations":[{"start":{"line":46,"column":10},"end":{"line":46,"column":18}},{"start":{"line":46,"column":22},"end":{"line":46,"column":29}}],"line":46},"2":{"loc":{"start":{"line":105,"column":2},"end":{"line":107,"column":3}},"type":"if","locations":[{"start":{"line":105,"column":2},"end":{"line":107,"column":3}},{"start":{"line":105,"column":2},"end":{"line":107,"column":3}}],"line":105}},"s":{"0":1,"1":1,"2":0,"3":0,"4":0,"5":0,"6":0,"7":0,"8":0,"9":0,"10":0,"11":0,"12":0,"13":0,"14":0,"15":0,"16":0,"17":0,"18":0,"19":0,"20":0,"21":0,"22":0,"23":0,"24":1,"25":1,"26":0,"27":1},"f":{"0":0,"1":0,"2":0,"3":0,"4":0,"5":0,"6":1},"b":{"0":[0,0],"1":[0,0],"2":[0,1]},"_coverageSchema":"1a1c01bbd47fc00a2c39e90264f33305004495a9","hash":"f0b2d6e816e7614c2bf428ca1cce790c5e61df74"}
,"C:\\Users\\Fernando\\Documents\\RocketSeat\\GoStack\\GoBarber\\appgobarber\\src\\pages\\AppointmentCreated\\index.tsx": {"path":"C:\\Users\\Fernando\\Documents\\RocketSeat\\GoStack\\GoBarber\\appgobarber\\src\\pages\\AppointmentCreated\\index.tsx","statementMap":{"0":{"start":{"line":16,"column":37},"end":{"line":46,"column":1}},"1":{"start":{"line":17,"column":20},"end":{"line":17,"column":35}},"2":{"start":{"line":18,"column":21},"end":{"line":18,"column":31}},"3":{"start":{"line":20,"column":22},"end":{"line":20,"column":43}},"4":{"start":{"line":22,"column":26},"end":{"line":29,"column":13}},"5":{"start":{"line":23,"column":4},"end":{"line":28,"column":7}},"6":{"start":{"line":31,"column":24},"end":{"line":32,"column":18}},"7":{"start":{"line":31,"column":38},"end":{"line":31,"column":132}},"8":{"start":{"line":34,"column":2},"end":{"line":45,"column":4}}},"fnMap":{"0":{"name":"(anonymous_0)","decl":{"start":{"line":16,"column":37},"end":{"line":16,"column":38}},"loc":{"start":{"line":16,"column":43},"end":{"line":46,"column":1}},"line":16},"1":{"name":"(anonymous_1)","decl":{"start":{"line":22,"column":38},"end":{"line":22,"column":39}},"loc":{"start":{"line":22,"column":44},"end":{"line":29,"column":3}},"line":22},"2":{"name":"(anonymous_2)","decl":{"start":{"line":31,"column":32},"end":{"line":31,"column":33}},"loc":{"start":{"line":31,"column":38},"end":{"line":31,"column":132}},"line":31}},"branchMap":{},"s":{"0":0,"1":0,"2":0,"3":0,"4":0,"5":0,"6":0,"7":0,"8":0},"f":{"0":0,"1":0,"2":0},"b":{}}
,"C:\\Users\\Fernando\\Documents\\RocketSeat\\GoStack\\GoBarber\\appgobarber\\src\\pages\\CreateAppointment\\index.tsx": {"path":"C:\\Users\\Fernando\\Documents\\RocketSeat\\GoStack\\GoBarber\\appgobarber\\src\\pages\\CreateAppointment\\index.tsx","statementMap":{"0":{"start":{"line":39,"column":36},"end":{"line":239,"column":1}},"1":{"start":{"line":40,"column":19},"end":{"line":40,"column":28}},"2":{"start":{"line":41,"column":16},"end":{"line":41,"column":26}},"3":{"start":{"line":42,"column":31},"end":{"line":42,"column":46}},"4":{"start":{"line":44,"column":22},"end":{"line":44,"column":49}},"5":{"start":{"line":46,"column":42},"end":{"line":46,"column":74}},"6":{"start":{"line":47,"column":46},"end":{"line":47,"column":61}},"7":{"start":{"line":48,"column":42},"end":{"line":48,"column":62}},"8":{"start":{"line":49,"column":42},"end":{"line":49,"column":53}},"9":{"start":{"line":50,"column":36},"end":{"line":50,"column":60}},"10":{"start":{"line":51,"column":50},"end":{"line":51,"column":82}},"11":{"start":{"line":53,"column":2},"end":{"line":57,"column":9}},"12":{"start":{"line":54,"column":4},"end":{"line":56,"column":7}},"13":{"start":{"line":55,"column":6},"end":{"line":55,"column":34}},"14":{"start":{"line":59,"column":2},"end":{"line":69,"column":39}},"15":{"start":{"line":60,"column":4},"end":{"line":68,"column":7}},"16":{"start":{"line":67,"column":6},"end":{"line":67,"column":37}},"17":{"start":{"line":71,"column":23},"end":{"line":73,"column":14}},"18":{"start":{"line":72,"column":4},"end":{"line":72,"column":13}},"19":{"start":{"line":75,"column":33},"end":{"line":77,"column":8}},"20":{"start":{"line":76,"column":4},"end":{"line":76,"column":36}},"21":{"start":{"line":79,"column":33},"end":{"line":81,"column":22}},"22":{"start":{"line":80,"column":4},"end":{"line":80,"column":39}},"23":{"start":{"line":83,"column":28},"end":{"line":90,"column":8}},"24":{"start":{"line":84,"column":4},"end":{"line":86,"column":5}},"25":{"start":{"line":85,"column":6},"end":{"line":85,"column":31}},"26":{"start":{"line":87,"column":4},"end":{"line":89,"column":5}},"27":{"start":{"line":88,"column":6},"end":{"line":88,"column":28}},"28":{"start":{"line":92,"column":27},"end":{"line":94,"column":8}},"29":{"start":{"line":93,"column":4},"end":{"line":93,"column":26}},"30":{"start":{"line":96,"column":34},"end":{"line":113,"column":62}},"31":{"start":{"line":97,"column":4},"end":{"line":112,"column":5}},"32":{"start":{"line":98,"column":19},"end":{"line":98,"column":41}},"33":{"start":{"line":99,"column":6},"end":{"line":99,"column":34}},"34":{"start":{"line":100,"column":6},"end":{"line":100,"column":25}},"35":{"start":{"line":102,"column":6},"end":{"line":105,"column":9}},"36":{"start":{"line":106,"column":6},"end":{"line":106,"column":63}},"37":{"start":{"line":108,"column":6},"end":{"line":111,"column":8}},"38":{"start":{"line":115,"column":30},"end":{"line":120,"column":24}},"39":{"start":{"line":115,"column":44},"end":{"line":120,"column":7}},"40":{"start":{"line":115,"column":78},"end":{"line":115,"column":87}},"41":{"start":{"line":116,"column":35},"end":{"line":120,"column":5}},"42":{"start":{"line":122,"column":32},"end":{"line":127,"column":24}},"43":{"start":{"line":122,"column":46},"end":{"line":127,"column":7}},"44":{"start":{"line":122,"column":80},"end":{"line":122,"column":90}},"45":{"start":{"line":123,"column":35},"end":{"line":127,"column":5}},"46":{"start":{"line":129,"column":2},"end":{"line":238,"column":4}},"47":{"start":{"line":147,"column":40},"end":{"line":147,"column":51}},"48":{"start":{"line":149,"column":14},"end":{"line":160,"column":34}},"49":{"start":{"line":150,"column":31},"end":{"line":150,"column":66}},"50":{"start":{"line":191,"column":16},"end":{"line":204,"column":23}},"51":{"start":{"line":196,"column":33},"end":{"line":196,"column":55}},"52":{"start":{"line":214,"column":16},"end":{"line":227,"column":23}},"53":{"start":{"line":219,"column":33},"end":{"line":219,"column":55}}},"fnMap":{"0":{"name":"(anonymous_0)","decl":{"start":{"line":39,"column":36},"end":{"line":39,"column":37}},"loc":{"start":{"line":39,"column":42},"end":{"line":239,"column":1}},"line":39},"1":{"name":"(anonymous_1)","decl":{"start":{"line":53,"column":12},"end":{"line":53,"column":13}},"loc":{"start":{"line":53,"column":18},"end":{"line":57,"column":3}},"line":53},"2":{"name":"(anonymous_2)","decl":{"start":{"line":54,"column":30},"end":{"line":54,"column":31}},"loc":{"start":{"line":54,"column":44},"end":{"line":56,"column":5}},"line":54},"3":{"name":"(anonymous_3)","decl":{"start":{"line":59,"column":12},"end":{"line":59,"column":13}},"loc":{"start":{"line":59,"column":18},"end":{"line":69,"column":3}},"line":59},"4":{"name":"(anonymous_4)","decl":{"start":{"line":66,"column":12},"end":{"line":66,"column":13}},"loc":{"start":{"line":66,"column":26},"end":{"line":68,"column":5}},"line":66},"5":{"name":"(anonymous_5)","decl":{"start":{"line":71,"column":35},"end":{"line":71,"column":36}},"loc":{"start":{"line":71,"column":41},"end":{"line":73,"column":3}},"line":71},"6":{"name":"(anonymous_6)","decl":{"start":{"line":75,"column":45},"end":{"line":75,"column":46}},"loc":{"start":{"line":75,"column":69},"end":{"line":77,"column":3}},"line":75},"7":{"name":"(anonymous_7)","decl":{"start":{"line":79,"column":45},"end":{"line":79,"column":46}},"loc":{"start":{"line":79,"column":51},"end":{"line":81,"column":3}},"line":79},"8":{"name":"(anonymous_8)","decl":{"start":{"line":83,"column":40},"end":{"line":83,"column":41}},"loc":{"start":{"line":83,"column":83},"end":{"line":90,"column":3}},"line":83},"9":{"name":"(anonymous_9)","decl":{"start":{"line":92,"column":39},"end":{"line":92,"column":40}},"loc":{"start":{"line":92,"column":56},"end":{"line":94,"column":3}},"line":92},"10":{"name":"(anonymous_10)","decl":{"start":{"line":96,"column":46},"end":{"line":96,"column":47}},"loc":{"start":{"line":96,"column":58},"end":{"line":113,"column":3}},"line":96},"11":{"name":"(anonymous_11)","decl":{"start":{"line":115,"column":38},"end":{"line":115,"column":39}},"loc":{"start":{"line":115,"column":44},"end":{"line":120,"column":7}},"line":115},"12":{"name":"(anonymous_12)","decl":{"start":{"line":115,"column":64},"end":{"line":115,"column":65}},"loc":{"start":{"line":115,"column":78},"end":{"line":115,"column":87}},"line":115},"13":{"name":"(anonymous_13)","decl":{"start":{"line":116,"column":9},"end":{"line":116,"column":10}},"loc":{"start":{"line":116,"column":35},"end":{"line":120,"column":5}},"line":116},"14":{"name":"(anonymous_14)","decl":{"start":{"line":122,"column":40},"end":{"line":122,"column":41}},"loc":{"start":{"line":122,"column":46},"end":{"line":127,"column":7}},"line":122},"15":{"name":"(anonymous_15)","decl":{"start":{"line":122,"column":66},"end":{"line":122,"column":67}},"loc":{"start":{"line":122,"column":80},"end":{"line":122,"column":90}},"line":122},"16":{"name":"(anonymous_16)","decl":{"start":{"line":123,"column":9},"end":{"line":123,"column":10}},"loc":{"start":{"line":123,"column":35},"end":{"line":127,"column":5}},"line":123},"17":{"name":"(anonymous_17)","decl":{"start":{"line":147,"column":26},"end":{"line":147,"column":27}},"loc":{"start":{"line":147,"column":40},"end":{"line":147,"column":51}},"line":147},"18":{"name":"(anonymous_18)","decl":{"start":{"line":148,"column":24},"end":{"line":148,"column":25}},"loc":{"start":{"line":149,"column":14},"end":{"line":160,"column":34}},"line":149},"19":{"name":"(anonymous_19)","decl":{"start":{"line":150,"column":25},"end":{"line":150,"column":26}},"loc":{"start":{"line":150,"column":31},"end":{"line":150,"column":66}},"line":150},"20":{"name":"(anonymous_20)","decl":{"start":{"line":190,"column":39},"end":{"line":190,"column":40}},"loc":{"start":{"line":191,"column":16},"end":{"line":204,"column":23}},"line":191},"21":{"name":"(anonymous_21)","decl":{"start":{"line":196,"column":27},"end":{"line":196,"column":28}},"loc":{"start":{"line":196,"column":33},"end":{"line":196,"column":55}},"line":196},"22":{"name":"(anonymous_22)","decl":{"start":{"line":213,"column":41},"end":{"line":213,"column":42}},"loc":{"start":{"line":214,"column":16},"end":{"line":227,"column":23}},"line":214},"23":{"name":"(anonymous_23)","decl":{"start":{"line":219,"column":27},"end":{"line":219,"column":28}},"loc":{"start":{"line":219,"column":33},"end":{"line":219,"column":55}},"line":219}},"branchMap":{"0":{"loc":{"start":{"line":84,"column":4},"end":{"line":86,"column":5}},"type":"if","locations":[{"start":{"line":84,"column":4},"end":{"line":86,"column":5}},{"start":{"line":84,"column":4},"end":{"line":86,"column":5}}],"line":84},"1":{"loc":{"start":{"line":87,"column":4},"end":{"line":89,"column":5}},"type":"if","locations":[{"start":{"line":87,"column":4},"end":{"line":89,"column":5}},{"start":{"line":87,"column":4},"end":{"line":89,"column":5}}],"line":87},"2":{"loc":{"start":{"line":173,"column":11},"end":{"line":181,"column":11}},"type":"binary-expr","locations":[{"start":{"line":173,"column":11},"end":{"line":173,"column":25}},{"start":{"line":174,"column":10},"end":{"line":180,"column":12}}],"line":173},"3":{"loc":{"start":{"line":175,"column":17},"end":{"line":175,"column":66}},"type":"binary-expr","locations":[{"start":{"line":175,"column":17},"end":{"line":175,"column":38}},{"start":{"line":175,"column":42},"end":{"line":175,"column":66}}],"line":175},"4":{"loc":{"start":{"line":178,"column":21},"end":{"line":178,"column":71}},"type":"cond-expr","locations":[{"start":{"line":178,"column":49},"end":{"line":178,"column":59}},{"start":{"line":178,"column":62},"end":{"line":178,"column":71}}],"line":178}},"s":{"0":0,"1":0,"2":0,"3":0,"4":0,"5":0,"6":0,"7":0,"8":0,"9":0,"10":0,"11":0,"12":0,"13":0,"14":0,"15":0,"16":0,"17":0,"18":0,"19":0,"20":0,"21":0,"22":0,"23":0,"24":0,"25":0,"26":0,"27":0,"28":0,"29":0,"30":0,"31":0,"32":0,"33":0,"34":0,"35":0,"36":0,"37":0,"38":0,"39":0,"40":0,"41":0,"42":0,"43":0,"44":0,"45":0,"46":0,"47":0,"48":0,"49":0,"50":0,"51":0,"52":0,"53":0},"f":{"0":0,"1":0,"2":0,"3":0,"4":0,"5":0,"6":0,"7":0,"8":0,"9":0,"10":0,"11":0,"12":0,"13":0,"14":0,"15":0,"16":0,"17":0,"18":0,"19":0,"20":0,"21":0,"22":0,"23":0},"b":{"0":[0,0],"1":[0,0],"2":[0,0],"3":[0,0],"4":[0,0]}}
,"C:\\Users\\Fernando\\Documents\\RocketSeat\\GoStack\\GoBarber\\appgobarber\\src\\pages\\Dashboard\\index.tsx": {"path":"C:\\Users\\Fernando\\Documents\\RocketSeat\\GoStack\\GoBarber\\appgobarber\\src\\pages\\Dashboard\\index.tsx","statementMap":{"0":{"start":{"line":24,"column":28},"end":{"line":89,"column":1}},"1":{"start":{"line":25,"column":36},"end":{"line":25,"column":60}},"2":{"start":{"line":26,"column":19},"end":{"line":26,"column":28}},"3":{"start":{"line":27,"column":23},"end":{"line":27,"column":38}},"4":{"start":{"line":29,"column":2},"end":{"line":33,"column":9}},"5":{"start":{"line":30,"column":4},"end":{"line":32,"column":7}},"6":{"start":{"line":31,"column":6},"end":{"line":31,"column":34}},"7":{"start":{"line":35,"column":28},"end":{"line":37,"column":16}},"8":{"start":{"line":36,"column":4},"end":{"line":36,"column":24}},"9":{"start":{"line":39,"column":38},"end":{"line":41,"column":16}},"10":{"start":{"line":40,"column":4},"end":{"line":40,"column":50}},"11":{"start":{"line":43,"column":2},"end":{"line":88,"column":4}},"12":{"start":{"line":59,"column":36},"end":{"line":59,"column":47}},"13":{"start":{"line":64,"column":10},"end":{"line":82,"column":30}},"14":{"start":{"line":64,"column":44},"end":{"line":64,"column":84}}},"fnMap":{"0":{"name":"(anonymous_0)","decl":{"start":{"line":24,"column":28},"end":{"line":24,"column":29}},"loc":{"start":{"line":24,"column":34},"end":{"line":89,"column":1}},"line":24},"1":{"name":"(anonymous_1)","decl":{"start":{"line":29,"column":12},"end":{"line":29,"column":13}},"loc":{"start":{"line":29,"column":18},"end":{"line":33,"column":3}},"line":29},"2":{"name":"(anonymous_2)","decl":{"start":{"line":30,"column":30},"end":{"line":30,"column":31}},"loc":{"start":{"line":30,"column":44},"end":{"line":32,"column":5}},"line":30},"3":{"name":"(anonymous_3)","decl":{"start":{"line":35,"column":40},"end":{"line":35,"column":41}},"loc":{"start":{"line":35,"column":46},"end":{"line":37,"column":3}},"line":35},"4":{"name":"(anonymous_4)","decl":{"start":{"line":39,"column":50},"end":{"line":39,"column":51}},"loc":{"start":{"line":39,"column":74},"end":{"line":41,"column":3}},"line":39},"5":{"name":"(anonymous_5)","decl":{"start":{"line":59,"column":22},"end":{"line":59,"column":23}},"loc":{"start":{"line":59,"column":36},"end":{"line":59,"column":47}},"line":59},"6":{"name":"(anonymous_6)","decl":{"start":{"line":63,"column":20},"end":{"line":63,"column":21}},"loc":{"start":{"line":64,"column":10},"end":{"line":82,"column":30}},"line":64},"7":{"name":"(anonymous_7)","decl":{"start":{"line":64,"column":38},"end":{"line":64,"column":39}},"loc":{"start":{"line":64,"column":44},"end":{"line":64,"column":84}},"line":64}},"branchMap":{},"s":{"0":0,"1":0,"2":0,"3":0,"4":0,"5":0,"6":0,"7":0,"8":0,"9":0,"10":0,"11":0,"12":0,"13":0,"14":0},"f":{"0":0,"1":0,"2":0,"3":0,"4":0,"5":0,"6":0,"7":0},"b":{}}
,"C:\\Users\\Fernando\\Documents\\RocketSeat\\GoStack\\GoBarber\\appgobarber\\src\\pages\\Profile\\index.tsx": {"path":"C:\\Users\\Fernando\\Documents\\RocketSeat\\GoStack\\GoBarber\\appgobarber\\src\\pages\\Profile\\index.tsx","statementMap":{"0":{"start":{"line":36,"column":26},"end":{"line":230,"column":1}},"1":{"start":{"line":37,"column":31},"end":{"line":37,"column":40}},"2":{"start":{"line":39,"column":18},"end":{"line":39,"column":43}},"3":{"start":{"line":40,"column":21},"end":{"line":40,"column":36}},"4":{"start":{"line":41,"column":24},"end":{"line":41,"column":47}},"5":{"start":{"line":42,"column":30},"end":{"line":42,"column":53}},"6":{"start":{"line":43,"column":27},"end":{"line":43,"column":50}},"7":{"start":{"line":44,"column":34},"end":{"line":44,"column":57}},"8":{"start":{"line":46,"column":23},"end":{"line":105,"column":3}},"9":{"start":{"line":48,"column":6},"end":{"line":102,"column":7}},"10":{"start":{"line":49,"column":8},"end":{"line":49,"column":39}},"11":{"start":{"line":50,"column":23},"end":{"line":66,"column":10}},"12":{"start":{"line":57,"column":25},"end":{"line":57,"column":35}},"13":{"start":{"line":62,"column":25},"end":{"line":62,"column":35}},"14":{"start":{"line":67,"column":8},"end":{"line":69,"column":11}},"15":{"start":{"line":73,"column":12},"end":{"line":73,"column":16}},"16":{"start":{"line":75,"column":25},"end":{"line":84,"column":9}},"17":{"start":{"line":86,"column":25},"end":{"line":86,"column":60}},"18":{"start":{"line":87,"column":8},"end":{"line":87,"column":34}},"19":{"start":{"line":89,"column":8},"end":{"line":91,"column":10}},"20":{"start":{"line":93,"column":8},"end":{"line":93,"column":28}},"21":{"start":{"line":95,"column":8},"end":{"line":100,"column":9}},"22":{"start":{"line":96,"column":25},"end":{"line":96,"column":51}},"23":{"start":{"line":97,"column":10},"end":{"line":97,"column":45}},"24":{"start":{"line":99,"column":10},"end":{"line":99,"column":17}},"25":{"start":{"line":101,"column":8},"end":{"line":101,"column":113}},"26":{"start":{"line":107,"column":29},"end":{"line":133,"column":27}},"27":{"start":{"line":108,"column":4},"end":{"line":132,"column":7}},"28":{"start":{"line":114,"column":6},"end":{"line":116,"column":7}},"29":{"start":{"line":115,"column":8},"end":{"line":115,"column":15}},"30":{"start":{"line":117,"column":6},"end":{"line":120,"column":7}},"31":{"start":{"line":118,"column":8},"end":{"line":118,"column":52}},"32":{"start":{"line":119,"column":8},"end":{"line":119,"column":15}},"33":{"start":{"line":122,"column":19},"end":{"line":122,"column":33}},"34":{"start":{"line":124,"column":6},"end":{"line":128,"column":9}},"35":{"start":{"line":129,"column":6},"end":{"line":131,"column":9}},"36":{"start":{"line":130,"column":8},"end":{"line":130,"column":37}},"37":{"start":{"line":135,"column":23},"end":{"line":137,"column":18}},"38":{"start":{"line":136,"column":4},"end":{"line":136,"column":24}},"39":{"start":{"line":139,"column":2},"end":{"line":229,"column":4}},"40":{"start":{"line":171,"column":18},"end":{"line":171,"column":49}},"41":{"start":{"line":185,"column":18},"end":{"line":185,"column":55}},"42":{"start":{"line":197,"column":39},"end":{"line":197,"column":72}},"43":{"start":{"line":207,"column":39},"end":{"line":207,"column":79}},"44":{"start":{"line":217,"column":39},"end":{"line":217,"column":68}},"45":{"start":{"line":221,"column":35},"end":{"line":221,"column":64}}},"fnMap":{"0":{"name":"(anonymous_0)","decl":{"start":{"line":36,"column":26},"end":{"line":36,"column":27}},"loc":{"start":{"line":36,"column":32},"end":{"line":230,"column":1}},"line":36},"1":{"name":"(anonymous_1)","decl":{"start":{"line":47,"column":4},"end":{"line":47,"column":5}},"loc":{"start":{"line":47,"column":37},"end":{"line":103,"column":5}},"line":47},"2":{"name":"(anonymous_2)","decl":{"start":{"line":57,"column":16},"end":{"line":57,"column":17}},"loc":{"start":{"line":57,"column":25},"end":{"line":57,"column":35}},"line":57},"3":{"name":"(anonymous_3)","decl":{"start":{"line":62,"column":16},"end":{"line":62,"column":17}},"loc":{"start":{"line":62,"column":25},"end":{"line":62,"column":35}},"line":62},"4":{"name":"(anonymous_4)","decl":{"start":{"line":107,"column":41},"end":{"line":107,"column":42}},"loc":{"start":{"line":107,"column":47},"end":{"line":133,"column":3}},"line":107},"5":{"name":"(anonymous_5)","decl":{"start":{"line":113,"column":7},"end":{"line":113,"column":8}},"loc":{"start":{"line":113,"column":21},"end":{"line":132,"column":5}},"line":113},"6":{"name":"(anonymous_6)","decl":{"start":{"line":129,"column":43},"end":{"line":129,"column":44}},"loc":{"start":{"line":129,"column":60},"end":{"line":131,"column":7}},"line":129},"7":{"name":"(anonymous_7)","decl":{"start":{"line":135,"column":35},"end":{"line":135,"column":36}},"loc":{"start":{"line":135,"column":41},"end":{"line":137,"column":3}},"line":135},"8":{"name":"(anonymous_8)","decl":{"start":{"line":170,"column":33},"end":{"line":170,"column":34}},"loc":{"start":{"line":170,"column":39},"end":{"line":172,"column":17}},"line":170},"9":{"name":"(anonymous_9)","decl":{"start":{"line":184,"column":33},"end":{"line":184,"column":34}},"loc":{"start":{"line":184,"column":39},"end":{"line":186,"column":17}},"line":184},"10":{"name":"(anonymous_10)","decl":{"start":{"line":197,"column":33},"end":{"line":197,"column":34}},"loc":{"start":{"line":197,"column":39},"end":{"line":197,"column":72}},"line":197},"11":{"name":"(anonymous_11)","decl":{"start":{"line":207,"column":33},"end":{"line":207,"column":34}},"loc":{"start":{"line":207,"column":39},"end":{"line":207,"column":79}},"line":207},"12":{"name":"(anonymous_12)","decl":{"start":{"line":217,"column":33},"end":{"line":217,"column":34}},"loc":{"start":{"line":217,"column":39},"end":{"line":217,"column":68}},"line":217},"13":{"name":"(anonymous_13)","decl":{"start":{"line":221,"column":29},"end":{"line":221,"column":30}},"loc":{"start":{"line":221,"column":35},"end":{"line":221,"column":64}},"line":221}},"branchMap":{"0":{"loc":{"start":{"line":78,"column":14},"end":{"line":83,"column":16}},"type":"cond-expr","locations":[{"start":{"line":78,"column":29},"end":{"line":82,"column":11}},{"start":{"line":83,"column":14},"end":{"line":83,"column":16}}],"line":78},"1":{"loc":{"start":{"line":95,"column":8},"end":{"line":100,"column":9}},"type":"if","locations":[{"start":{"line":95,"column":8},"end":{"line":100,"column":9}},{"start":{"line":95,"column":8},"end":{"line":100,"column":9}}],"line":95},"2":{"loc":{"start":{"line":114,"column":6},"end":{"line":116,"column":7}},"type":"if","locations":[{"start":{"line":114,"column":6},"end":{"line":116,"column":7}},{"start":{"line":114,"column":6},"end":{"line":116,"column":7}}],"line":114},"3":{"loc":{"start":{"line":117,"column":6},"end":{"line":120,"column":7}},"type":"if","locations":[{"start":{"line":117,"column":6},"end":{"line":120,"column":7}},{"start":{"line":117,"column":6},"end":{"line":120,"column":7}}],"line":117},"4":{"loc":{"start":{"line":143,"column":18},"end":{"line":143,"column":63}},"type":"cond-expr","locations":[{"start":{"line":143,"column":42},"end":{"line":143,"column":51}},{"start":{"line":143,"column":54},"end":{"line":143,"column":63}}],"line":143}},"s":{"0":0,"1":0,"2":0,"3":0,"4":0,"5":0,"6":0,"7":0,"8":0,"9":0,"10":0,"11":0,"12":0,"13":0,"14":0,"15":0,"16":0,"17":0,"18":0,"19":0,"20":0,"21":0,"22":0,"23":0,"24":0,"25":0,"26":0,"27":0,"28":0,"29":0,"30":0,"31":0,"32":0,"33":0,"34":0,"35":0,"36":0,"37":0,"38":0,"39":0,"40":0,"41":0,"42":0,"43":0,"44":0,"45":0},"f":{"0":0,"1":0,"2":0,"3":0,"4":0,"5":0,"6":0,"7":0,"8":0,"9":0,"10":0,"11":0,"12":0,"13":0},"b":{"0":[0,0],"1":[0,0],"2":[0,0],"3":[0,0],"4":[0,0]}}
,"C:\\Users\\Fernando\\Documents\\RocketSeat\\GoStack\\GoBarber\\appgobarber\\src\\pages\\SignIn\\index.tsx": {"path":"C:\\Users\\Fernando\\Documents\\RocketSeat\\GoStack\\GoBarber\\appgobarber\\src\\pages\\SignIn\\index.tsx","statementMap":{"0":{"start":{"line":35,"column":25},"end":{"line":140,"column":1}},"1":{"start":{"line":38,"column":18},"end":{"line":38,"column":43}},"2":{"start":{"line":39,"column":27},"end":{"line":39,"column":50}},"3":{"start":{"line":40,"column":21},"end":{"line":40,"column":36}},"4":{"start":{"line":42,"column":21},"end":{"line":42,"column":30}},"5":{"start":{"line":44,"column":23},"end":{"line":73,"column":3}},"6":{"start":{"line":46,"column":6},"end":{"line":71,"column":7}},"7":{"start":{"line":47,"column":8},"end":{"line":47,"column":39}},"8":{"start":{"line":48,"column":23},"end":{"line":53,"column":10}},"9":{"start":{"line":54,"column":8},"end":{"line":56,"column":11}},"10":{"start":{"line":58,"column":8},"end":{"line":61,"column":11}},"11":{"start":{"line":63,"column":8},"end":{"line":67,"column":9}},"12":{"start":{"line":64,"column":25},"end":{"line":64,"column":51}},"13":{"start":{"line":65,"column":10},"end":{"line":65,"column":45}},"14":{"start":{"line":66,"column":10},"end":{"line":66,"column":17}},"15":{"start":{"line":69,"column":8},"end":{"line":70,"column":46}},"16":{"start":{"line":74,"column":2},"end":{"line":139,"column":4}},"17":{"start":{"line":102,"column":18},"end":{"line":102,"column":52}},"18":{"start":{"line":113,"column":18},"end":{"line":113,"column":48}},"19":{"start":{"line":120,"column":18},"end":{"line":120,"column":48}},"20":{"start":{"line":133,"column":42},"end":{"line":133,"column":71}}},"fnMap":{"0":{"name":"(anonymous_0)","decl":{"start":{"line":35,"column":25},"end":{"line":35,"column":26}},"loc":{"start":{"line":35,"column":31},"end":{"line":140,"column":1}},"line":35},"1":{"name":"(anonymous_1)","decl":{"start":{"line":45,"column":4},"end":{"line":45,"column":5}},"loc":{"start":{"line":45,"column":36},"end":{"line":72,"column":5}},"line":45},"2":{"name":"(anonymous_2)","decl":{"start":{"line":101,"column":33},"end":{"line":101,"column":34}},"loc":{"start":{"line":101,"column":39},"end":{"line":103,"column":17}},"line":101},"3":{"name":"(anonymous_3)","decl":{"start":{"line":112,"column":33},"end":{"line":112,"column":34}},"loc":{"start":{"line":112,"column":39},"end":{"line":114,"column":17}},"line":112},"4":{"name":"(anonymous_4)","decl":{"start":{"line":119,"column":23},"end":{"line":119,"column":24}},"loc":{"start":{"line":119,"column":29},"end":{"line":121,"column":15}},"line":119},"5":{"name":"(anonymous_5)","decl":{"start":{"line":126,"column":37},"end":{"line":126,"column":38}},"loc":{"start":{"line":126,"column":43},"end":{"line":126,"column":45}},"line":126},"6":{"name":"(anonymous_6)","decl":{"start":{"line":133,"column":36},"end":{"line":133,"column":37}},"loc":{"start":{"line":133,"column":42},"end":{"line":133,"column":71}},"line":133}},"branchMap":{"0":{"loc":{"start":{"line":63,"column":8},"end":{"line":67,"column":9}},"type":"if","locations":[{"start":{"line":63,"column":8},"end":{"line":67,"column":9}},{"start":{"line":63,"column":8},"end":{"line":67,"column":9}}],"line":63},"1":{"loc":{"start":{"line":78,"column":18},"end":{"line":78,"column":63}},"type":"cond-expr","locations":[{"start":{"line":78,"column":42},"end":{"line":78,"column":51}},{"start":{"line":78,"column":54},"end":{"line":78,"column":63}}],"line":78}},"s":{"0":1,"1":1,"2":1,"3":1,"4":1,"5":1,"6":0,"7":0,"8":0,"9":0,"10":0,"11":0,"12":0,"13":0,"14":0,"15":0,"16":1,"17":0,"18":0,"19":0,"20":0},"f":{"0":1,"1":0,"2":0,"3":0,"4":0,"5":0,"6":0},"b":{"0":[0,0],"1":[1,0]},"_coverageSchema":"1a1c01bbd47fc00a2c39e90264f33305004495a9","hash":"196bcbf09aab8267957604a77b7a2efc234178f6"}
,"C:\\Users\\Fernando\\Documents\\RocketSeat\\GoStack\\GoBarber\\appgobarber\\src\\pages\\SignUp\\index.tsx": {"path":"C:\\Users\\Fernando\\Documents\\RocketSeat\\GoStack\\GoBarber\\appgobarber\\src\\pages\\SignUp\\index.tsx","statementMap":{"0":{"start":{"line":34,"column":25},"end":{"line":143,"column":1}},"1":{"start":{"line":35,"column":18},"end":{"line":35,"column":43}},"2":{"start":{"line":36,"column":21},"end":{"line":36,"column":36}},"3":{"start":{"line":37,"column":24},"end":{"line":37,"column":47}},"4":{"start":{"line":38,"column":27},"end":{"line":38,"column":50}},"5":{"start":{"line":40,"column":23},"end":{"line":74,"column":3}},"6":{"start":{"line":42,"column":6},"end":{"line":71,"column":7}},"7":{"start":{"line":43,"column":8},"end":{"line":43,"column":39}},"8":{"start":{"line":44,"column":23},"end":{"line":50,"column":10}},"9":{"start":{"line":51,"column":8},"end":{"line":53,"column":11}},"10":{"start":{"line":55,"column":8},"end":{"line":55,"column":39}},"11":{"start":{"line":57,"column":8},"end":{"line":60,"column":10}},"12":{"start":{"line":62,"column":8},"end":{"line":62,"column":28}},"13":{"start":{"line":64,"column":8},"end":{"line":69,"column":9}},"14":{"start":{"line":65,"column":25},"end":{"line":65,"column":51}},"15":{"start":{"line":66,"column":10},"end":{"line":66,"column":45}},"16":{"start":{"line":68,"column":10},"end":{"line":68,"column":17}},"17":{"start":{"line":70,"column":8},"end":{"line":70,"column":79}},"18":{"start":{"line":76,"column":2},"end":{"line":142,"column":4}},"19":{"start":{"line":102,"column":18},"end":{"line":102,"column":49}},"20":{"start":{"line":116,"column":18},"end":{"line":116,"column":52}},"21":{"start":{"line":126,"column":39},"end":{"line":126,"column":68}},"22":{"start":{"line":130,"column":35},"end":{"line":130,"column":64}},"23":{"start":{"line":136,"column":37},"end":{"line":136,"column":57}}},"fnMap":{"0":{"name":"(anonymous_0)","decl":{"start":{"line":34,"column":25},"end":{"line":34,"column":26}},"loc":{"start":{"line":34,"column":31},"end":{"line":143,"column":1}},"line":34},"1":{"name":"(anonymous_1)","decl":{"start":{"line":41,"column":4},"end":{"line":41,"column":5}},"loc":{"start":{"line":41,"column":36},"end":{"line":72,"column":5}},"line":41},"2":{"name":"(anonymous_2)","decl":{"start":{"line":101,"column":33},"end":{"line":101,"column":34}},"loc":{"start":{"line":101,"column":39},"end":{"line":103,"column":17}},"line":101},"3":{"name":"(anonymous_3)","decl":{"start":{"line":115,"column":33},"end":{"line":115,"column":34}},"loc":{"start":{"line":115,"column":39},"end":{"line":117,"column":17}},"line":115},"4":{"name":"(anonymous_4)","decl":{"start":{"line":126,"column":33},"end":{"line":126,"column":34}},"loc":{"start":{"line":126,"column":39},"end":{"line":126,"column":68}},"line":126},"5":{"name":"(anonymous_5)","decl":{"start":{"line":130,"column":29},"end":{"line":130,"column":30}},"loc":{"start":{"line":130,"column":35},"end":{"line":130,"column":64}},"line":130},"6":{"name":"(anonymous_6)","decl":{"start":{"line":136,"column":29},"end":{"line":136,"column":30}},"loc":{"start":{"line":136,"column":35},"end":{"line":136,"column":59}},"line":136}},"branchMap":{"0":{"loc":{"start":{"line":64,"column":8},"end":{"line":69,"column":9}},"type":"if","locations":[{"start":{"line":64,"column":8},"end":{"line":69,"column":9}},{"start":{"line":64,"column":8},"end":{"line":69,"column":9}}],"line":64},"1":{"loc":{"start":{"line":80,"column":18},"end":{"line":80,"column":63}},"type":"cond-expr","locations":[{"start":{"line":80,"column":42},"end":{"line":80,"column":51}},{"start":{"line":80,"column":54},"end":{"line":80,"column":63}}],"line":80}},"s":{"0":0,"1":0,"2":0,"3":0,"4":0,"5":0,"6":0,"7":0,"8":0,"9":0,"10":0,"11":0,"12":0,"13":0,"14":0,"15":0,"16":0,"17":0,"18":0,"19":0,"20":0,"21":0,"22":0,"23":0},"f":{"0":0,"1":0,"2":0,"3":0,"4":0,"5":0,"6":0},"b":{"0":[0,0],"1":[0,0]}}
}
